Copyright 1986-2018 Xilinx, Inc. All Rights Reserved.
--------------------------------------------------------------------------------------------------------------------------------------------------------------------------------------------------------
| Tool Version : Vivado v.2018.2 (win64) Build 2258646 Thu Jun 14 20:03:12 MDT 2018
| Date         : Mon Mar  2 23:28:16 2026
| Host         : ARPIT running 64-bit major release  (build 9200)
| Command      : report_timing_summary -max_paths 10 -file bioedge_top_timing_summary_routed.rpt -pb bioedge_top_timing_summary_routed.pb -rpx bioedge_top_timing_summary_routed.rpx -warn_on_violation
| Design       : bioedge_top
| Device       : 7a35ti-csg324
| Speed File   : -1L  PRODUCTION 1.22 2018-03-21
--------------------------------------------------------------------------------------------------------------------------------------------------------------------------------------------------------

Timing Summary Report

------------------------------------------------------------------------------------------------
| Timer Settings
| --------------
------------------------------------------------------------------------------------------------

  Enable Multi Corner Analysis               :  Yes
  Enable Pessimism Removal                   :  Yes
  Pessimism Removal Resolution               :  Nearest Common Node
  Enable Input Delay Default Clock           :  No
  Enable Preset / Clear Arcs                 :  No
  Disable Flight Delays                      :  No
  Ignore I/O Paths                           :  No
  Timing Early Launch at Borrowing Latches   :  false

  Corner  Analyze    Analyze    
  Name    Max Paths  Min Paths  
  ------  ---------  ---------  
  Slow    Yes        Yes        
  Fast    Yes        Yes        



check_timing report

Table of Contents
-----------------
1. checking no_clock
2. checking constant_clock
3. checking pulse_width_clock
4. checking unconstrained_internal_endpoints
5. checking no_input_delay
6. checking no_output_delay
7. checking multiple_clock
8. checking generated_clocks
9. checking loops
10. checking partial_input_delay
11. checking partial_output_delay
12. checking latch_loops

1. checking no_clock
--------------------
 There are 0 register/latch pins with no clock.


2. checking constant_clock
--------------------------
 There are 0 register/latch pins with constant_clock.


3. checking pulse_width_clock
-----------------------------
 There are 0 register/latch pins which need pulse_width check


4. checking unconstrained_internal_endpoints
--------------------------------------------
 There are 0 pins that are not constrained for maximum delay.

 There are 0 pins that are not constrained for maximum delay due to constant clock.


5. checking no_input_delay
--------------------------
 There are 6 input ports with no input delay specified. (HIGH)

 There are 0 input ports with no input delay but user has a false path constraint.


6. checking no_output_delay
---------------------------
 There are 18 ports with no output delay specified. (HIGH)

 There are 0 ports with no output delay but user has a false path constraint

 There are 0 ports with no output delay but with a timing clock defined on it or propagating through it


7. checking multiple_clock
--------------------------
 There are 0 register/latch pins with multiple clocks.


8. checking generated_clocks
----------------------------
 There are 0 generated clocks that are not connected to a clock source.


9. checking loops
-----------------
 There are 0 combinational loops in the design.


10. checking partial_input_delay
--------------------------------
 There are 0 input ports with partial input delay specified.


11. checking partial_output_delay
---------------------------------
 There are 0 ports with partial output delay specified.


12. checking latch_loops
------------------------
 There are 0 combinational latch loops in the design through latch input



------------------------------------------------------------------------------------------------
| Design Timing Summary
| ---------------------
------------------------------------------------------------------------------------------------

    WNS(ns)      TNS(ns)  TNS Failing Endpoints  TNS Total Endpoints      WHS(ns)      THS(ns)  THS Failing Endpoints  THS Total Endpoints     WPWS(ns)     TPWS(ns)  TPWS Failing Endpoints  TPWS Total Endpoints  
    -------      -------  ---------------------  -------------------      -------      -------  ---------------------  -------------------     --------     --------  ----------------------  --------------------  
      6.133        0.000                      0                  208        0.177        0.000                      0                  208        4.500        0.000                       0                    87  


All user specified timing constraints are met.


------------------------------------------------------------------------------------------------
| Clock Summary
| -------------
------------------------------------------------------------------------------------------------

Clock        Waveform(ns)       Period(ns)      Frequency(MHz)
-----        ------------       ----------      --------------
sys_clk_pin  {0.000 5.000}      10.000          100.000         


------------------------------------------------------------------------------------------------
| Intra Clock Table
| -----------------
------------------------------------------------------------------------------------------------

Clock             WNS(ns)      TNS(ns)  TNS Failing Endpoints  TNS Total Endpoints      WHS(ns)      THS(ns)  THS Failing Endpoints  THS Total Endpoints     WPWS(ns)     TPWS(ns)  TPWS Failing Endpoints  TPWS Total Endpoints  
-----             -------      -------  ---------------------  -------------------      -------      -------  ---------------------  -------------------     --------     --------  ----------------------  --------------------  
sys_clk_pin         6.133        0.000                      0                  208        0.177        0.000                      0                  208        4.500        0.000                       0                    87  


------------------------------------------------------------------------------------------------
| Inter Clock Table
| -----------------
------------------------------------------------------------------------------------------------

From Clock    To Clock          WNS(ns)      TNS(ns)  TNS Failing Endpoints  TNS Total Endpoints      WHS(ns)      THS(ns)  THS Failing Endpoints  THS Total Endpoints  
----------    --------          -------      -------  ---------------------  -------------------      -------      -------  ---------------------  -------------------  


------------------------------------------------------------------------------------------------
| Other Path Groups Table
| -----------------------
------------------------------------------------------------------------------------------------

Path Group    From Clock    To Clock          WNS(ns)      TNS(ns)  TNS Failing Endpoints  TNS Total Endpoints      WHS(ns)      THS(ns)  THS Failing Endpoints  THS Total Endpoints  
----------    ----------    --------          -------      -------  ---------------------  -------------------      -------      -------  ---------------------  -------------------  


------------------------------------------------------------------------------------------------
| Timing Details
| --------------
------------------------------------------------------------------------------------------------


---------------------------------------------------------------------------------------------------
From Clock:  sys_clk_pin
  To Clock:  sys_clk_pin

Setup :            0  Failing Endpoints,  Worst Slack        6.133ns,  Total Violation        0.000ns
Hold  :            0  Failing Endpoints,  Worst Slack        0.177ns,  Total Violation        0.000ns
PW    :            0  Failing Endpoints,  Worst Slack        4.500ns,  Total Violation        0.000ns
---------------------------------------------------------------------------------------------------


Max Delay Paths
--------------------------------------------------------------------------------------
Slack (MET) :             6.133ns  (required time - arrival time)
  Source:                 mac_inst/accum_reg[13]/C
                            (rising edge-triggered cell FDRE clocked by sys_clk_pin  {rise@0.000ns fall@5.000ns period=10.000ns})
  Destination:            rgb_green_reg[3]_lopt_replica_2/D
                            (rising edge-triggered cell FDRE clocked by sys_clk_pin  {rise@0.000ns fall@5.000ns period=10.000ns})
  Path Group:             sys_clk_pin
  Path Type:              Setup (Max at Slow Process Corner)
  Requirement:            10.000ns  (sys_clk_pin rise@10.000ns - sys_clk_pin rise@0.000ns)
  Data Path Delay:        3.693ns  (logic 0.704ns (19.062%)  route 2.989ns (80.938%))
  Logic Levels:           2  (LUT5=2)
  Clock Path Skew:        -0.110ns (DCD - SCD + CPR)
    Destination Clock Delay (DCD):    4.791ns = ( 14.791 - 10.000 ) 
    Source Clock Delay      (SCD):    5.160ns
    Clock Pessimism Removal (CPR):    0.259ns
  Clock Uncertainty:      0.035ns  ((TSJ^2 + TIJ^2)^1/2 + DJ) / 2 + PE
    Total System Jitter     (TSJ):    0.071ns
    Total Input Jitter      (TIJ):    0.000ns
    Discrete Jitter          (DJ):    0.000ns
    Phase Error              (PE):    0.000ns

    Location             Delay type                Incr(ns)  Path(ns)    Netlist Resource(s)
  -------------------------------------------------------------------    -------------------
                         (clock sys_clk_pin rise edge)
                                                      0.000     0.000 r  
    E3                                                0.000     0.000 r  clk (IN)
                         net (fo=0)                   0.000     0.000    clk
    E3                   IBUF (Prop_ibuf_I_O)         1.489     1.489 r  clk_IBUF_inst/O
                         net (fo=1, routed)           1.967     3.455    clk_IBUF
    BUFGCTRL_X0Y16       BUFG (Prop_bufg_I_O)         0.096     3.551 r  clk_IBUF_BUFG_inst/O
                         net (fo=86, routed)          1.609     5.160    mac_inst/CLK
    SLICE_X4Y80          FDRE                                         r  mac_inst/accum_reg[13]/C
  -------------------------------------------------------------------    -------------------
    SLICE_X4Y80          FDRE (Prop_fdre_C_Q)         0.456     5.616 f  mac_inst/accum_reg[13]/Q
                         net (fo=2, routed)           1.091     6.707    mac_inst/accum_reg[13]
    SLICE_X5Y80          LUT5 (Prop_lut5_I2_O)        0.124     6.831 f  mac_inst/rgb_red[0]_i_2/O
                         net (fo=5, routed)           0.841     7.673    mac_inst/p_1_in
    SLICE_X6Y79          LUT5 (Prop_lut5_I4_O)        0.124     7.797 r  mac_inst/rgb_green[3]_i_1/O
                         net (fo=4, routed)           1.057     8.854    mac_inst_n_1
    SLICE_X8Y75          FDRE                                         r  rgb_green_reg[3]_lopt_replica_2/D
  -------------------------------------------------------------------    -------------------

                         (clock sys_clk_pin rise edge)
                                                     10.000    10.000 r  
    E3                                                0.000    10.000 r  clk (IN)
                         net (fo=0)                   0.000    10.000    clk
    E3                   IBUF (Prop_ibuf_I_O)         1.418    11.418 r  clk_IBUF_inst/O
                         net (fo=1, routed)           1.862    13.280    clk_IBUF
    BUFGCTRL_X0Y16       BUFG (Prop_bufg_I_O)         0.091    13.371 r  clk_IBUF_BUFG_inst/O
                         net (fo=86, routed)          1.420    14.791    clk_IBUF_BUFG
    SLICE_X8Y75          FDRE                                         r  rgb_green_reg[3]_lopt_replica_2/C
                         clock pessimism              0.259    15.050    
                         clock uncertainty           -0.035    15.015    
    SLICE_X8Y75          FDRE (Setup_fdre_C_D)       -0.028    14.987    rgb_green_reg[3]_lopt_replica_2
  -------------------------------------------------------------------
                         required time                         14.987    
                         arrival time                          -8.854    
  -------------------------------------------------------------------
                         slack                                  6.133    

Slack (MET) :             6.177ns  (required time - arrival time)
  Source:                 encoder_inst/auto_timer_reg[10]/C
                            (rising edge-triggered cell FDRE clocked by sys_clk_pin  {rise@0.000ns fall@5.000ns period=10.000ns})
  Destination:            encoder_inst/auto_timer_reg[0]/R
                            (rising edge-triggered cell FDRE clocked by sys_clk_pin  {rise@0.000ns fall@5.000ns period=10.000ns})
  Path Group:             sys_clk_pin
  Path Type:              Setup (Max at Slow Process Corner)
  Requirement:            10.000ns  (sys_clk_pin rise@10.000ns - sys_clk_pin rise@0.000ns)
  Data Path Delay:        3.320ns  (logic 0.828ns (24.937%)  route 2.492ns (75.063%))
  Logic Levels:           3  (LUT4=1 LUT6=2)
  Clock Path Skew:        -0.038ns (DCD - SCD + CPR)
    Destination Clock Delay (DCD):    4.860ns = ( 14.860 - 10.000 ) 
    Source Clock Delay      (SCD):    5.157ns
    Clock Pessimism Removal (CPR):    0.259ns
  Clock Uncertainty:      0.035ns  ((TSJ^2 + TIJ^2)^1/2 + DJ) / 2 + PE
    Total System Jitter     (TSJ):    0.071ns
    Total Input Jitter      (TIJ):    0.000ns
    Discrete Jitter          (DJ):    0.000ns
    Phase Error              (PE):    0.000ns

    Location             Delay type                Incr(ns)  Path(ns)    Netlist Resource(s)
  -------------------------------------------------------------------    -------------------
                         (clock sys_clk_pin rise edge)
                                                      0.000     0.000 r  
    E3                                                0.000     0.000 r  clk (IN)
                         net (fo=0)                   0.000     0.000    clk
    E3                   IBUF (Prop_ibuf_I_O)         1.489     1.489 r  clk_IBUF_inst/O
                         net (fo=1, routed)           1.967     3.455    clk_IBUF
    BUFGCTRL_X0Y16       BUFG (Prop_bufg_I_O)         0.096     3.551 r  clk_IBUF_BUFG_inst/O
                         net (fo=86, routed)          1.606     5.157    encoder_inst/CLK
    SLICE_X0Y76          FDRE                                         r  encoder_inst/auto_timer_reg[10]/C
  -------------------------------------------------------------------    -------------------
    SLICE_X0Y76          FDRE (Prop_fdre_C_Q)         0.456     5.613 r  encoder_inst/auto_timer_reg[10]/Q
                         net (fo=2, routed)           0.825     6.438    encoder_inst/auto_timer_reg[10]
    SLICE_X1Y77          LUT4 (Prop_lut4_I0_O)        0.124     6.562 r  encoder_inst/valid_out_i_5/O
                         net (fo=2, routed)           0.412     6.974    encoder_inst/valid_out_i_5_n_0
    SLICE_X1Y77          LUT6 (Prop_lut6_I0_O)        0.124     7.098 f  encoder_inst/auto_timer[0]_i_4/O
                         net (fo=2, routed)           0.411     7.510    encoder_inst/auto_timer[0]_i_4_n_0
    SLICE_X1Y78          LUT6 (Prop_lut6_I1_O)        0.124     7.634 r  encoder_inst/auto_timer[0]_i_1/O
                         net (fo=24, routed)          0.844     8.478    encoder_inst/auto_timer[0]_i_1_n_0
    SLICE_X0Y74          FDRE                                         r  encoder_inst/auto_timer_reg[0]/R
  -------------------------------------------------------------------    -------------------

                         (clock sys_clk_pin rise edge)
                                                     10.000    10.000 r  
    E3                                                0.000    10.000 r  clk (IN)
                         net (fo=0)                   0.000    10.000    clk
    E3                   IBUF (Prop_ibuf_I_O)         1.418    11.418 r  clk_IBUF_inst/O
                         net (fo=1, routed)           1.862    13.280    clk_IBUF
    BUFGCTRL_X0Y16       BUFG (Prop_bufg_I_O)         0.091    13.371 r  clk_IBUF_BUFG_inst/O
                         net (fo=86, routed)          1.489    14.860    encoder_inst/CLK
    SLICE_X0Y74          FDRE                                         r  encoder_inst/auto_timer_reg[0]/C
                         clock pessimism              0.259    15.119    
                         clock uncertainty           -0.035    15.084    
    SLICE_X0Y74          FDRE (Setup_fdre_C_R)       -0.429    14.655    encoder_inst/auto_timer_reg[0]
  -------------------------------------------------------------------
                         required time                         14.655    
                         arrival time                          -8.478    
  -------------------------------------------------------------------
                         slack                                  6.177    

Slack (MET) :             6.177ns  (required time - arrival time)
  Source:                 encoder_inst/auto_timer_reg[10]/C
                            (rising edge-triggered cell FDRE clocked by sys_clk_pin  {rise@0.000ns fall@5.000ns period=10.000ns})
  Destination:            encoder_inst/auto_timer_reg[1]/R
                            (rising edge-triggered cell FDRE clocked by sys_clk_pin  {rise@0.000ns fall@5.000ns period=10.000ns})
  Path Group:             sys_clk_pin
  Path Type:              Setup (Max at Slow Process Corner)
  Requirement:            10.000ns  (sys_clk_pin rise@10.000ns - sys_clk_pin rise@0.000ns)
  Data Path Delay:        3.320ns  (logic 0.828ns (24.937%)  route 2.492ns (75.063%))
  Logic Levels:           3  (LUT4=1 LUT6=2)
  Clock Path Skew:        -0.038ns (DCD - SCD + CPR)
    Destination Clock Delay (DCD):    4.860ns = ( 14.860 - 10.000 ) 
    Source Clock Delay      (SCD):    5.157ns
    Clock Pessimism Removal (CPR):    0.259ns
  Clock Uncertainty:      0.035ns  ((TSJ^2 + TIJ^2)^1/2 + DJ) / 2 + PE
    Total System Jitter     (TSJ):    0.071ns
    Total Input Jitter      (TIJ):    0.000ns
    Discrete Jitter          (DJ):    0.000ns
    Phase Error              (PE):    0.000ns

    Location             Delay type                Incr(ns)  Path(ns)    Netlist Resource(s)
  -------------------------------------------------------------------    -------------------
                         (clock sys_clk_pin rise edge)
                                                      0.000     0.000 r  
    E3                                                0.000     0.000 r  clk (IN)
                         net (fo=0)                   0.000     0.000    clk
    E3                   IBUF (Prop_ibuf_I_O)         1.489     1.489 r  clk_IBUF_inst/O
                         net (fo=1, routed)           1.967     3.455    clk_IBUF
    BUFGCTRL_X0Y16       BUFG (Prop_bufg_I_O)         0.096     3.551 r  clk_IBUF_BUFG_inst/O
                         net (fo=86, routed)          1.606     5.157    encoder_inst/CLK
    SLICE_X0Y76          FDRE                                         r  encoder_inst/auto_timer_reg[10]/C
  -------------------------------------------------------------------    -------------------
    SLICE_X0Y76          FDRE (Prop_fdre_C_Q)         0.456     5.613 r  encoder_inst/auto_timer_reg[10]/Q
                         net (fo=2, routed)           0.825     6.438    encoder_inst/auto_timer_reg[10]
    SLICE_X1Y77          LUT4 (Prop_lut4_I0_O)        0.124     6.562 r  encoder_inst/valid_out_i_5/O
                         net (fo=2, routed)           0.412     6.974    encoder_inst/valid_out_i_5_n_0
    SLICE_X1Y77          LUT6 (Prop_lut6_I0_O)        0.124     7.098 f  encoder_inst/auto_timer[0]_i_4/O
                         net (fo=2, routed)           0.411     7.510    encoder_inst/auto_timer[0]_i_4_n_0
    SLICE_X1Y78          LUT6 (Prop_lut6_I1_O)        0.124     7.634 r  encoder_inst/auto_timer[0]_i_1/O
                         net (fo=24, routed)          0.844     8.478    encoder_inst/auto_timer[0]_i_1_n_0
    SLICE_X0Y74          FDRE                                         r  encoder_inst/auto_timer_reg[1]/R
  -------------------------------------------------------------------    -------------------

                         (clock sys_clk_pin rise edge)
                                                     10.000    10.000 r  
    E3                                                0.000    10.000 r  clk (IN)
                         net (fo=0)                   0.000    10.000    clk
    E3                   IBUF (Prop_ibuf_I_O)         1.418    11.418 r  clk_IBUF_inst/O
                         net (fo=1, routed)           1.862    13.280    clk_IBUF
    BUFGCTRL_X0Y16       BUFG (Prop_bufg_I_O)         0.091    13.371 r  clk_IBUF_BUFG_inst/O
                         net (fo=86, routed)          1.489    14.860    encoder_inst/CLK
    SLICE_X0Y74          FDRE                                         r  encoder_inst/auto_timer_reg[1]/C
                         clock pessimism              0.259    15.119    
                         clock uncertainty           -0.035    15.084    
    SLICE_X0Y74          FDRE (Setup_fdre_C_R)       -0.429    14.655    encoder_inst/auto_timer_reg[1]
  -------------------------------------------------------------------
                         required time                         14.655    
                         arrival time                          -8.478    
  -------------------------------------------------------------------
                         slack                                  6.177    

Slack (MET) :             6.177ns  (required time - arrival time)
  Source:                 encoder_inst/auto_timer_reg[10]/C
                            (rising edge-triggered cell FDRE clocked by sys_clk_pin  {rise@0.000ns fall@5.000ns period=10.000ns})
  Destination:            encoder_inst/auto_timer_reg[2]/R
                            (rising edge-triggered cell FDRE clocked by sys_clk_pin  {rise@0.000ns fall@5.000ns period=10.000ns})
  Path Group:             sys_clk_pin
  Path Type:              Setup (Max at Slow Process Corner)
  Requirement:            10.000ns  (sys_clk_pin rise@10.000ns - sys_clk_pin rise@0.000ns)
  Data Path Delay:        3.320ns  (logic 0.828ns (24.937%)  route 2.492ns (75.063%))
  Logic Levels:           3  (LUT4=1 LUT6=2)
  Clock Path Skew:        -0.038ns (DCD - SCD + CPR)
    Destination Clock Delay (DCD):    4.860ns = ( 14.860 - 10.000 ) 
    Source Clock Delay      (SCD):    5.157ns
    Clock Pessimism Removal (CPR):    0.259ns
  Clock Uncertainty:      0.035ns  ((TSJ^2 + TIJ^2)^1/2 + DJ) / 2 + PE
    Total System Jitter     (TSJ):    0.071ns
    Total Input Jitter      (TIJ):    0.000ns
    Discrete Jitter          (DJ):    0.000ns
    Phase Error              (PE):    0.000ns

    Location             Delay type                Incr(ns)  Path(ns)    Netlist Resource(s)
  -------------------------------------------------------------------    -------------------
                         (clock sys_clk_pin rise edge)
                                                      0.000     0.000 r  
    E3                                                0.000     0.000 r  clk (IN)
                         net (fo=0)                   0.000     0.000    clk
    E3                   IBUF (Prop_ibuf_I_O)         1.489     1.489 r  clk_IBUF_inst/O
                         net (fo=1, routed)           1.967     3.455    clk_IBUF
    BUFGCTRL_X0Y16       BUFG (Prop_bufg_I_O)         0.096     3.551 r  clk_IBUF_BUFG_inst/O
                         net (fo=86, routed)          1.606     5.157    encoder_inst/CLK
    SLICE_X0Y76          FDRE                                         r  encoder_inst/auto_timer_reg[10]/C
  -------------------------------------------------------------------    -------------------
    SLICE_X0Y76          FDRE (Prop_fdre_C_Q)         0.456     5.613 r  encoder_inst/auto_timer_reg[10]/Q
                         net (fo=2, routed)           0.825     6.438    encoder_inst/auto_timer_reg[10]
    SLICE_X1Y77          LUT4 (Prop_lut4_I0_O)        0.124     6.562 r  encoder_inst/valid_out_i_5/O
                         net (fo=2, routed)           0.412     6.974    encoder_inst/valid_out_i_5_n_0
    SLICE_X1Y77          LUT6 (Prop_lut6_I0_O)        0.124     7.098 f  encoder_inst/auto_timer[0]_i_4/O
                         net (fo=2, routed)           0.411     7.510    encoder_inst/auto_timer[0]_i_4_n_0
    SLICE_X1Y78          LUT6 (Prop_lut6_I1_O)        0.124     7.634 r  encoder_inst/auto_timer[0]_i_1/O
                         net (fo=24, routed)          0.844     8.478    encoder_inst/auto_timer[0]_i_1_n_0
    SLICE_X0Y74          FDRE                                         r  encoder_inst/auto_timer_reg[2]/R
  -------------------------------------------------------------------    -------------------

                         (clock sys_clk_pin rise edge)
                                                     10.000    10.000 r  
    E3                                                0.000    10.000 r  clk (IN)
                         net (fo=0)                   0.000    10.000    clk
    E3                   IBUF (Prop_ibuf_I_O)         1.418    11.418 r  clk_IBUF_inst/O
                         net (fo=1, routed)           1.862    13.280    clk_IBUF
    BUFGCTRL_X0Y16       BUFG (Prop_bufg_I_O)         0.091    13.371 r  clk_IBUF_BUFG_inst/O
                         net (fo=86, routed)          1.489    14.860    encoder_inst/CLK
    SLICE_X0Y74          FDRE                                         r  encoder_inst/auto_timer_reg[2]/C
                         clock pessimism              0.259    15.119    
                         clock uncertainty           -0.035    15.084    
    SLICE_X0Y74          FDRE (Setup_fdre_C_R)       -0.429    14.655    encoder_inst/auto_timer_reg[2]
  -------------------------------------------------------------------
                         required time                         14.655    
                         arrival time                          -8.478    
  -------------------------------------------------------------------
                         slack                                  6.177    

Slack (MET) :             6.177ns  (required time - arrival time)
  Source:                 encoder_inst/auto_timer_reg[10]/C
                            (rising edge-triggered cell FDRE clocked by sys_clk_pin  {rise@0.000ns fall@5.000ns period=10.000ns})
  Destination:            encoder_inst/auto_timer_reg[3]/R
                            (rising edge-triggered cell FDRE clocked by sys_clk_pin  {rise@0.000ns fall@5.000ns period=10.000ns})
  Path Group:             sys_clk_pin
  Path Type:              Setup (Max at Slow Process Corner)
  Requirement:            10.000ns  (sys_clk_pin rise@10.000ns - sys_clk_pin rise@0.000ns)
  Data Path Delay:        3.320ns  (logic 0.828ns (24.937%)  route 2.492ns (75.063%))
  Logic Levels:           3  (LUT4=1 LUT6=2)
  Clock Path Skew:        -0.038ns (DCD - SCD + CPR)
    Destination Clock Delay (DCD):    4.860ns = ( 14.860 - 10.000 ) 
    Source Clock Delay      (SCD):    5.157ns
    Clock Pessimism Removal (CPR):    0.259ns
  Clock Uncertainty:      0.035ns  ((TSJ^2 + TIJ^2)^1/2 + DJ) / 2 + PE
    Total System Jitter     (TSJ):    0.071ns
    Total Input Jitter      (TIJ):    0.000ns
    Discrete Jitter          (DJ):    0.000ns
    Phase Error              (PE):    0.000ns

    Location             Delay type                Incr(ns)  Path(ns)    Netlist Resource(s)
  -------------------------------------------------------------------    -------------------
                         (clock sys_clk_pin rise edge)
                                                      0.000     0.000 r  
    E3                                                0.000     0.000 r  clk (IN)
                         net (fo=0)                   0.000     0.000    clk
    E3                   IBUF (Prop_ibuf_I_O)         1.489     1.489 r  clk_IBUF_inst/O
                         net (fo=1, routed)           1.967     3.455    clk_IBUF
    BUFGCTRL_X0Y16       BUFG (Prop_bufg_I_O)         0.096     3.551 r  clk_IBUF_BUFG_inst/O
                         net (fo=86, routed)          1.606     5.157    encoder_inst/CLK
    SLICE_X0Y76          FDRE                                         r  encoder_inst/auto_timer_reg[10]/C
  -------------------------------------------------------------------    -------------------
    SLICE_X0Y76          FDRE (Prop_fdre_C_Q)         0.456     5.613 r  encoder_inst/auto_timer_reg[10]/Q
                         net (fo=2, routed)           0.825     6.438    encoder_inst/auto_timer_reg[10]
    SLICE_X1Y77          LUT4 (Prop_lut4_I0_O)        0.124     6.562 r  encoder_inst/valid_out_i_5/O
                         net (fo=2, routed)           0.412     6.974    encoder_inst/valid_out_i_5_n_0
    SLICE_X1Y77          LUT6 (Prop_lut6_I0_O)        0.124     7.098 f  encoder_inst/auto_timer[0]_i_4/O
                         net (fo=2, routed)           0.411     7.510    encoder_inst/auto_timer[0]_i_4_n_0
    SLICE_X1Y78          LUT6 (Prop_lut6_I1_O)        0.124     7.634 r  encoder_inst/auto_timer[0]_i_1/O
                         net (fo=24, routed)          0.844     8.478    encoder_inst/auto_timer[0]_i_1_n_0
    SLICE_X0Y74          FDRE                                         r  encoder_inst/auto_timer_reg[3]/R
  -------------------------------------------------------------------    -------------------

                         (clock sys_clk_pin rise edge)
                                                     10.000    10.000 r  
    E3                                                0.000    10.000 r  clk (IN)
                         net (fo=0)                   0.000    10.000    clk
    E3                   IBUF (Prop_ibuf_I_O)         1.418    11.418 r  clk_IBUF_inst/O
                         net (fo=1, routed)           1.862    13.280    clk_IBUF
    BUFGCTRL_X0Y16       BUFG (Prop_bufg_I_O)         0.091    13.371 r  clk_IBUF_BUFG_inst/O
                         net (fo=86, routed)          1.489    14.860    encoder_inst/CLK
    SLICE_X0Y74          FDRE                                         r  encoder_inst/auto_timer_reg[3]/C
                         clock pessimism              0.259    15.119    
                         clock uncertainty           -0.035    15.084    
    SLICE_X0Y74          FDRE (Setup_fdre_C_R)       -0.429    14.655    encoder_inst/auto_timer_reg[3]
  -------------------------------------------------------------------
                         required time                         14.655    
                         arrival time                          -8.478    
  -------------------------------------------------------------------
                         slack                                  6.177    

Slack (MET) :             6.250ns  (required time - arrival time)
  Source:                 encoder_inst/auto_scanning_reg/C
                            (rising edge-triggered cell FDRE clocked by sys_clk_pin  {rise@0.000ns fall@5.000ns period=10.000ns})
  Destination:            encoder_inst/debounce_count_reg[16]/R
                            (rising edge-triggered cell FDRE clocked by sys_clk_pin  {rise@0.000ns fall@5.000ns period=10.000ns})
  Path Group:             sys_clk_pin
  Path Type:              Setup (Max at Slow Process Corner)
  Requirement:            10.000ns  (sys_clk_pin rise@10.000ns - sys_clk_pin rise@0.000ns)
  Data Path Delay:        3.164ns  (logic 0.642ns (20.291%)  route 2.522ns (79.709%))
  Logic Levels:           1  (LUT3=1)
  Clock Path Skew:        -0.027ns (DCD - SCD + CPR)
    Destination Clock Delay (DCD):    4.863ns = ( 14.863 - 10.000 ) 
    Source Clock Delay      (SCD):    5.163ns
    Clock Pessimism Removal (CPR):    0.273ns
  Clock Uncertainty:      0.035ns  ((TSJ^2 + TIJ^2)^1/2 + DJ) / 2 + PE
    Total System Jitter     (TSJ):    0.071ns
    Total Input Jitter      (TIJ):    0.000ns
    Discrete Jitter          (DJ):    0.000ns
    Phase Error              (PE):    0.000ns

    Location             Delay type                Incr(ns)  Path(ns)    Netlist Resource(s)
  -------------------------------------------------------------------    -------------------
                         (clock sys_clk_pin rise edge)
                                                      0.000     0.000 r  
    E3                                                0.000     0.000 r  clk (IN)
                         net (fo=0)                   0.000     0.000    clk
    E3                   IBUF (Prop_ibuf_I_O)         1.489     1.489 r  clk_IBUF_inst/O
                         net (fo=1, routed)           1.967     3.455    clk_IBUF
    BUFGCTRL_X0Y16       BUFG (Prop_bufg_I_O)         0.096     3.551 r  clk_IBUF_BUFG_inst/O
                         net (fo=86, routed)          1.612     5.163    encoder_inst/CLK
    SLICE_X2Y80          FDRE                                         r  encoder_inst/auto_scanning_reg/C
  -------------------------------------------------------------------    -------------------
    SLICE_X2Y80          FDRE (Prop_fdre_C_Q)         0.518     5.681 f  encoder_inst/auto_scanning_reg/Q
                         net (fo=33, routed)          1.298     6.979    encoder_inst/auto_scanning_reg_n_0
    SLICE_X3Y76          LUT3 (Prop_lut3_I0_O)        0.124     7.103 r  encoder_inst/debounce_count[0]_i_1/O
                         net (fo=20, routed)          1.224     8.327    encoder_inst/debounce_count[0]_i_1_n_0
    SLICE_X2Y77          FDRE                                         r  encoder_inst/debounce_count_reg[16]/R
  -------------------------------------------------------------------    -------------------

                         (clock sys_clk_pin rise edge)
                                                     10.000    10.000 r  
    E3                                                0.000    10.000 r  clk (IN)
                         net (fo=0)                   0.000    10.000    clk
    E3                   IBUF (Prop_ibuf_I_O)         1.418    11.418 r  clk_IBUF_inst/O
                         net (fo=1, routed)           1.862    13.280    clk_IBUF
    BUFGCTRL_X0Y16       BUFG (Prop_bufg_I_O)         0.091    13.371 r  clk_IBUF_BUFG_inst/O
                         net (fo=86, routed)          1.492    14.863    encoder_inst/CLK
    SLICE_X2Y77          FDRE                                         r  encoder_inst/debounce_count_reg[16]/C
                         clock pessimism              0.273    15.136    
                         clock uncertainty           -0.035    15.101    
    SLICE_X2Y77          FDRE (Setup_fdre_C_R)       -0.524    14.577    encoder_inst/debounce_count_reg[16]
  -------------------------------------------------------------------
                         required time                         14.577    
                         arrival time                          -8.327    
  -------------------------------------------------------------------
                         slack                                  6.250    

Slack (MET) :             6.250ns  (required time - arrival time)
  Source:                 encoder_inst/auto_scanning_reg/C
                            (rising edge-triggered cell FDRE clocked by sys_clk_pin  {rise@0.000ns fall@5.000ns period=10.000ns})
  Destination:            encoder_inst/debounce_count_reg[17]/R
                            (rising edge-triggered cell FDRE clocked by sys_clk_pin  {rise@0.000ns fall@5.000ns period=10.000ns})
  Path Group:             sys_clk_pin
  Path Type:              Setup (Max at Slow Process Corner)
  Requirement:            10.000ns  (sys_clk_pin rise@10.000ns - sys_clk_pin rise@0.000ns)
  Data Path Delay:        3.164ns  (logic 0.642ns (20.291%)  route 2.522ns (79.709%))
  Logic Levels:           1  (LUT3=1)
  Clock Path Skew:        -0.027ns (DCD - SCD + CPR)
    Destination Clock Delay (DCD):    4.863ns = ( 14.863 - 10.000 ) 
    Source Clock Delay      (SCD):    5.163ns
    Clock Pessimism Removal (CPR):    0.273ns
  Clock Uncertainty:      0.035ns  ((TSJ^2 + TIJ^2)^1/2 + DJ) / 2 + PE
    Total System Jitter     (TSJ):    0.071ns
    Total Input Jitter      (TIJ):    0.000ns
    Discrete Jitter          (DJ):    0.000ns
    Phase Error              (PE):    0.000ns

    Location             Delay type                Incr(ns)  Path(ns)    Netlist Resource(s)
  -------------------------------------------------------------------    -------------------
                         (clock sys_clk_pin rise edge)
                                                      0.000     0.000 r  
    E3                                                0.000     0.000 r  clk (IN)
                         net (fo=0)                   0.000     0.000    clk
    E3                   IBUF (Prop_ibuf_I_O)         1.489     1.489 r  clk_IBUF_inst/O
                         net (fo=1, routed)           1.967     3.455    clk_IBUF
    BUFGCTRL_X0Y16       BUFG (Prop_bufg_I_O)         0.096     3.551 r  clk_IBUF_BUFG_inst/O
                         net (fo=86, routed)          1.612     5.163    encoder_inst/CLK
    SLICE_X2Y80          FDRE                                         r  encoder_inst/auto_scanning_reg/C
  -------------------------------------------------------------------    -------------------
    SLICE_X2Y80          FDRE (Prop_fdre_C_Q)         0.518     5.681 f  encoder_inst/auto_scanning_reg/Q
                         net (fo=33, routed)          1.298     6.979    encoder_inst/auto_scanning_reg_n_0
    SLICE_X3Y76          LUT3 (Prop_lut3_I0_O)        0.124     7.103 r  encoder_inst/debounce_count[0]_i_1/O
                         net (fo=20, routed)          1.224     8.327    encoder_inst/debounce_count[0]_i_1_n_0
    SLICE_X2Y77          FDRE                                         r  encoder_inst/debounce_count_reg[17]/R
  -------------------------------------------------------------------    -------------------

                         (clock sys_clk_pin rise edge)
                                                     10.000    10.000 r  
    E3                                                0.000    10.000 r  clk (IN)
                         net (fo=0)                   0.000    10.000    clk
    E3                   IBUF (Prop_ibuf_I_O)         1.418    11.418 r  clk_IBUF_inst/O
                         net (fo=1, routed)           1.862    13.280    clk_IBUF
    BUFGCTRL_X0Y16       BUFG (Prop_bufg_I_O)         0.091    13.371 r  clk_IBUF_BUFG_inst/O
                         net (fo=86, routed)          1.492    14.863    encoder_inst/CLK
    SLICE_X2Y77          FDRE                                         r  encoder_inst/debounce_count_reg[17]/C
                         clock pessimism              0.273    15.136    
                         clock uncertainty           -0.035    15.101    
    SLICE_X2Y77          FDRE (Setup_fdre_C_R)       -0.524    14.577    encoder_inst/debounce_count_reg[17]
  -------------------------------------------------------------------
                         required time                         14.577    
                         arrival time                          -8.327    
  -------------------------------------------------------------------
                         slack                                  6.250    

Slack (MET) :             6.250ns  (required time - arrival time)
  Source:                 encoder_inst/auto_scanning_reg/C
                            (rising edge-triggered cell FDRE clocked by sys_clk_pin  {rise@0.000ns fall@5.000ns period=10.000ns})
  Destination:            encoder_inst/debounce_count_reg[18]/R
                            (rising edge-triggered cell FDRE clocked by sys_clk_pin  {rise@0.000ns fall@5.000ns period=10.000ns})
  Path Group:             sys_clk_pin
  Path Type:              Setup (Max at Slow Process Corner)
  Requirement:            10.000ns  (sys_clk_pin rise@10.000ns - sys_clk_pin rise@0.000ns)
  Data Path Delay:        3.164ns  (logic 0.642ns (20.291%)  route 2.522ns (79.709%))
  Logic Levels:           1  (LUT3=1)
  Clock Path Skew:        -0.027ns (DCD - SCD + CPR)
    Destination Clock Delay (DCD):    4.863ns = ( 14.863 - 10.000 ) 
    Source Clock Delay      (SCD):    5.163ns
    Clock Pessimism Removal (CPR):    0.273ns
  Clock Uncertainty:      0.035ns  ((TSJ^2 + TIJ^2)^1/2 + DJ) / 2 + PE
    Total System Jitter     (TSJ):    0.071ns
    Total Input Jitter      (TIJ):    0.000ns
    Discrete Jitter          (DJ):    0.000ns
    Phase Error              (PE):    0.000ns

    Location             Delay type                Incr(ns)  Path(ns)    Netlist Resource(s)
  -------------------------------------------------------------------    -------------------
                         (clock sys_clk_pin rise edge)
                                                      0.000     0.000 r  
    E3                                                0.000     0.000 r  clk (IN)
                         net (fo=0)                   0.000     0.000    clk
    E3                   IBUF (Prop_ibuf_I_O)         1.489     1.489 r  clk_IBUF_inst/O
                         net (fo=1, routed)           1.967     3.455    clk_IBUF
    BUFGCTRL_X0Y16       BUFG (Prop_bufg_I_O)         0.096     3.551 r  clk_IBUF_BUFG_inst/O
                         net (fo=86, routed)          1.612     5.163    encoder_inst/CLK
    SLICE_X2Y80          FDRE                                         r  encoder_inst/auto_scanning_reg/C
  -------------------------------------------------------------------    -------------------
    SLICE_X2Y80          FDRE (Prop_fdre_C_Q)         0.518     5.681 f  encoder_inst/auto_scanning_reg/Q
                         net (fo=33, routed)          1.298     6.979    encoder_inst/auto_scanning_reg_n_0
    SLICE_X3Y76          LUT3 (Prop_lut3_I0_O)        0.124     7.103 r  encoder_inst/debounce_count[0]_i_1/O
                         net (fo=20, routed)          1.224     8.327    encoder_inst/debounce_count[0]_i_1_n_0
    SLICE_X2Y77          FDRE                                         r  encoder_inst/debounce_count_reg[18]/R
  -------------------------------------------------------------------    -------------------

                         (clock sys_clk_pin rise edge)
                                                     10.000    10.000 r  
    E3                                                0.000    10.000 r  clk (IN)
                         net (fo=0)                   0.000    10.000    clk
    E3                   IBUF (Prop_ibuf_I_O)         1.418    11.418 r  clk_IBUF_inst/O
                         net (fo=1, routed)           1.862    13.280    clk_IBUF
    BUFGCTRL_X0Y16       BUFG (Prop_bufg_I_O)         0.091    13.371 r  clk_IBUF_BUFG_inst/O
                         net (fo=86, routed)          1.492    14.863    encoder_inst/CLK
    SLICE_X2Y77          FDRE                                         r  encoder_inst/debounce_count_reg[18]/C
                         clock pessimism              0.273    15.136    
                         clock uncertainty           -0.035    15.101    
    SLICE_X2Y77          FDRE (Setup_fdre_C_R)       -0.524    14.577    encoder_inst/debounce_count_reg[18]
  -------------------------------------------------------------------
                         required time                         14.577    
                         arrival time                          -8.327    
  -------------------------------------------------------------------
                         slack                                  6.250    

Slack (MET) :             6.250ns  (required time - arrival time)
  Source:                 encoder_inst/auto_scanning_reg/C
                            (rising edge-triggered cell FDRE clocked by sys_clk_pin  {rise@0.000ns fall@5.000ns period=10.000ns})
  Destination:            encoder_inst/debounce_count_reg[19]/R
                            (rising edge-triggered cell FDRE clocked by sys_clk_pin  {rise@0.000ns fall@5.000ns period=10.000ns})
  Path Group:             sys_clk_pin
  Path Type:              Setup (Max at Slow Process Corner)
  Requirement:            10.000ns  (sys_clk_pin rise@10.000ns - sys_clk_pin rise@0.000ns)
  Data Path Delay:        3.164ns  (logic 0.642ns (20.291%)  route 2.522ns (79.709%))
  Logic Levels:           1  (LUT3=1)
  Clock Path Skew:        -0.027ns (DCD - SCD + CPR)
    Destination Clock Delay (DCD):    4.863ns = ( 14.863 - 10.000 ) 
    Source Clock Delay      (SCD):    5.163ns
    Clock Pessimism Removal (CPR):    0.273ns
  Clock Uncertainty:      0.035ns  ((TSJ^2 + TIJ^2)^1/2 + DJ) / 2 + PE
    Total System Jitter     (TSJ):    0.071ns
    Total Input Jitter      (TIJ):    0.000ns
    Discrete Jitter          (DJ):    0.000ns
    Phase Error              (PE):    0.000ns

    Location             Delay type                Incr(ns)  Path(ns)    Netlist Resource(s)
  -------------------------------------------------------------------    -------------------
                         (clock sys_clk_pin rise edge)
                                                      0.000     0.000 r  
    E3                                                0.000     0.000 r  clk (IN)
                         net (fo=0)                   0.000     0.000    clk
    E3                   IBUF (Prop_ibuf_I_O)         1.489     1.489 r  clk_IBUF_inst/O
                         net (fo=1, routed)           1.967     3.455    clk_IBUF
    BUFGCTRL_X0Y16       BUFG (Prop_bufg_I_O)         0.096     3.551 r  clk_IBUF_BUFG_inst/O
                         net (fo=86, routed)          1.612     5.163    encoder_inst/CLK
    SLICE_X2Y80          FDRE                                         r  encoder_inst/auto_scanning_reg/C
  -------------------------------------------------------------------    -------------------
    SLICE_X2Y80          FDRE (Prop_fdre_C_Q)         0.518     5.681 f  encoder_inst/auto_scanning_reg/Q
                         net (fo=33, routed)          1.298     6.979    encoder_inst/auto_scanning_reg_n_0
    SLICE_X3Y76          LUT3 (Prop_lut3_I0_O)        0.124     7.103 r  encoder_inst/debounce_count[0]_i_1/O
                         net (fo=20, routed)          1.224     8.327    encoder_inst/debounce_count[0]_i_1_n_0
    SLICE_X2Y77          FDRE                                         r  encoder_inst/debounce_count_reg[19]/R
  -------------------------------------------------------------------    -------------------

                         (clock sys_clk_pin rise edge)
                                                     10.000    10.000 r  
    E3                                                0.000    10.000 r  clk (IN)
                         net (fo=0)                   0.000    10.000    clk
    E3                   IBUF (Prop_ibuf_I_O)         1.418    11.418 r  clk_IBUF_inst/O
                         net (fo=1, routed)           1.862    13.280    clk_IBUF
    BUFGCTRL_X0Y16       BUFG (Prop_bufg_I_O)         0.091    13.371 r  clk_IBUF_BUFG_inst/O
                         net (fo=86, routed)          1.492    14.863    encoder_inst/CLK
    SLICE_X2Y77          FDRE                                         r  encoder_inst/debounce_count_reg[19]/C
                         clock pessimism              0.273    15.136    
                         clock uncertainty           -0.035    15.101    
    SLICE_X2Y77          FDRE (Setup_fdre_C_R)       -0.524    14.577    encoder_inst/debounce_count_reg[19]
  -------------------------------------------------------------------
                         required time                         14.577    
                         arrival time                          -8.327    
  -------------------------------------------------------------------
                         slack                                  6.250    

Slack (MET) :             6.306ns  (required time - arrival time)
  Source:                 mac_inst/accum_reg[13]/C
                            (rising edge-triggered cell FDRE clocked by sys_clk_pin  {rise@0.000ns fall@5.000ns period=10.000ns})
  Destination:            rgb_green_reg[3]_lopt_replica/D
                            (rising edge-triggered cell FDRE clocked by sys_clk_pin  {rise@0.000ns fall@5.000ns period=10.000ns})
  Path Group:             sys_clk_pin
  Path Type:              Setup (Max at Slow Process Corner)
  Requirement:            10.000ns  (sys_clk_pin rise@10.000ns - sys_clk_pin rise@0.000ns)
  Data Path Delay:        3.504ns  (logic 0.704ns (20.092%)  route 2.800ns (79.908%))
  Logic Levels:           2  (LUT5=2)
  Clock Path Skew:        -0.110ns (DCD - SCD + CPR)
    Destination Clock Delay (DCD):    4.791ns = ( 14.791 - 10.000 ) 
    Source Clock Delay      (SCD):    5.160ns
    Clock Pessimism Removal (CPR):    0.259ns
  Clock Uncertainty:      0.035ns  ((TSJ^2 + TIJ^2)^1/2 + DJ) / 2 + PE
    Total System Jitter     (TSJ):    0.071ns
    Total Input Jitter      (TIJ):    0.000ns
    Discrete Jitter          (DJ):    0.000ns
    Phase Error              (PE):    0.000ns

    Location             Delay type                Incr(ns)  Path(ns)    Netlist Resource(s)
  -------------------------------------------------------------------    -------------------
                         (clock sys_clk_pin rise edge)
                                                      0.000     0.000 r  
    E3                                                0.000     0.000 r  clk (IN)
                         net (fo=0)                   0.000     0.000    clk
    E3                   IBUF (Prop_ibuf_I_O)         1.489     1.489 r  clk_IBUF_inst/O
                         net (fo=1, routed)           1.967     3.455    clk_IBUF
    BUFGCTRL_X0Y16       BUFG (Prop_bufg_I_O)         0.096     3.551 r  clk_IBUF_BUFG_inst/O
                         net (fo=86, routed)          1.609     5.160    mac_inst/CLK
    SLICE_X4Y80          FDRE                                         r  mac_inst/accum_reg[13]/C
  -------------------------------------------------------------------    -------------------
    SLICE_X4Y80          FDRE (Prop_fdre_C_Q)         0.456     5.616 f  mac_inst/accum_reg[13]/Q
                         net (fo=2, routed)           1.091     6.707    mac_inst/accum_reg[13]
    SLICE_X5Y80          LUT5 (Prop_lut5_I2_O)        0.124     6.831 f  mac_inst/rgb_red[0]_i_2/O
                         net (fo=5, routed)           0.841     7.673    mac_inst/p_1_in
    SLICE_X6Y79          LUT5 (Prop_lut5_I4_O)        0.124     7.797 r  mac_inst/rgb_green[3]_i_1/O
                         net (fo=4, routed)           0.868     8.664    mac_inst_n_1
    SLICE_X8Y75          FDRE                                         r  rgb_green_reg[3]_lopt_replica/D
  -------------------------------------------------------------------    -------------------

                         (clock sys_clk_pin rise edge)
                                                     10.000    10.000 r  
    E3                                                0.000    10.000 r  clk (IN)
                         net (fo=0)                   0.000    10.000    clk
    E3                   IBUF (Prop_ibuf_I_O)         1.418    11.418 r  clk_IBUF_inst/O
                         net (fo=1, routed)           1.862    13.280    clk_IBUF
    BUFGCTRL_X0Y16       BUFG (Prop_bufg_I_O)         0.091    13.371 r  clk_IBUF_BUFG_inst/O
                         net (fo=86, routed)          1.420    14.791    clk_IBUF_BUFG
    SLICE_X8Y75          FDRE                                         r  rgb_green_reg[3]_lopt_replica/C
                         clock pessimism              0.259    15.050    
                         clock uncertainty           -0.035    15.015    
    SLICE_X8Y75          FDRE (Setup_fdre_C_D)       -0.045    14.970    rgb_green_reg[3]_lopt_replica
  -------------------------------------------------------------------
                         required time                         14.970    
                         arrival time                          -8.664    
  -------------------------------------------------------------------
                         slack                                  6.306    





Min Delay Paths
--------------------------------------------------------------------------------------
Slack (MET) :             0.177ns  (arrival time - required time)
  Source:                 encoder_inst/btn_sync_0_reg/C
                            (rising edge-triggered cell FDRE clocked by sys_clk_pin  {rise@0.000ns fall@5.000ns period=10.000ns})
  Destination:            encoder_inst/btn_sync_1_reg/D
                            (rising edge-triggered cell FDRE clocked by sys_clk_pin  {rise@0.000ns fall@5.000ns period=10.000ns})
  Path Group:             sys_clk_pin
  Path Type:              Hold (Min at Fast Process Corner)
  Requirement:            0.000ns  (sys_clk_pin rise@0.000ns - sys_clk_pin rise@0.000ns)
  Data Path Delay:        0.260ns  (logic 0.141ns (54.139%)  route 0.119ns (45.861%))
  Logic Levels:           0  
  Clock Path Skew:        0.013ns (DCD - SCD - CPR)
    Destination Clock Delay (DCD):    2.013ns
    Source Clock Delay      (SCD):    1.500ns
    Clock Pessimism Removal (CPR):    0.499ns

    Location             Delay type                Incr(ns)  Path(ns)    Netlist Resource(s)
  -------------------------------------------------------------------    -------------------
                         (clock sys_clk_pin rise edge)
                                                      0.000     0.000 r  
    E3                                                0.000     0.000 r  clk (IN)
                         net (fo=0)                   0.000     0.000    clk
    E3                   IBUF (Prop_ibuf_I_O)         0.257     0.257 r  clk_IBUF_inst/O
                         net (fo=1, routed)           0.631     0.888    clk_IBUF
    BUFGCTRL_X0Y16       BUFG (Prop_bufg_I_O)         0.026     0.914 r  clk_IBUF_BUFG_inst/O
                         net (fo=86, routed)          0.587     1.500    encoder_inst/CLK
    SLICE_X0Y84          FDRE                                         r  encoder_inst/btn_sync_0_reg/C
  -------------------------------------------------------------------    -------------------
    SLICE_X0Y84          FDRE (Prop_fdre_C_Q)         0.141     1.641 r  encoder_inst/btn_sync_0_reg/Q
                         net (fo=1, routed)           0.119     1.761    encoder_inst/btn_sync_0
    SLICE_X0Y83          FDRE                                         r  encoder_inst/btn_sync_1_reg/D
  -------------------------------------------------------------------    -------------------

                         (clock sys_clk_pin rise edge)
                                                      0.000     0.000 r  
    E3                                                0.000     0.000 r  clk (IN)
                         net (fo=0)                   0.000     0.000    clk
    E3                   IBUF (Prop_ibuf_I_O)         0.445     0.445 r  clk_IBUF_inst/O
                         net (fo=1, routed)           0.685     1.129    clk_IBUF
    BUFGCTRL_X0Y16       BUFG (Prop_bufg_I_O)         0.029     1.158 r  clk_IBUF_BUFG_inst/O
                         net (fo=86, routed)          0.855     2.013    encoder_inst/CLK
    SLICE_X0Y83          FDRE                                         r  encoder_inst/btn_sync_1_reg/C
                         clock pessimism             -0.499     1.513    
    SLICE_X0Y83          FDRE (Hold_fdre_C_D)         0.070     1.583    encoder_inst/btn_sync_1_reg
  -------------------------------------------------------------------
                         required time                         -1.583    
                         arrival time                           1.761    
  -------------------------------------------------------------------
                         slack                                  0.177    

Slack (MET) :             0.215ns  (arrival time - required time)
  Source:                 pos_counter_reg[0]/C
                            (rising edge-triggered cell FDRE clocked by sys_clk_pin  {rise@0.000ns fall@5.000ns period=10.000ns})
  Destination:            led_progress_reg[0]/D
                            (rising edge-triggered cell FDRE clocked by sys_clk_pin  {rise@0.000ns fall@5.000ns period=10.000ns})
  Path Group:             sys_clk_pin
  Path Type:              Hold (Min at Fast Process Corner)
  Requirement:            0.000ns  (sys_clk_pin rise@0.000ns - sys_clk_pin rise@0.000ns)
  Data Path Delay:        0.319ns  (logic 0.209ns (65.618%)  route 0.110ns (34.382%))
  Logic Levels:           1  (LUT6=1)
  Clock Path Skew:        0.013ns (DCD - SCD - CPR)
    Destination Clock Delay (DCD):    2.003ns
    Source Clock Delay      (SCD):    1.490ns
    Clock Pessimism Removal (CPR):    0.499ns

    Location             Delay type                Incr(ns)  Path(ns)    Netlist Resource(s)
  -------------------------------------------------------------------    -------------------
                         (clock sys_clk_pin rise edge)
                                                      0.000     0.000 r  
    E3                                                0.000     0.000 r  clk (IN)
                         net (fo=0)                   0.000     0.000    clk
    E3                   IBUF (Prop_ibuf_I_O)         0.257     0.257 r  clk_IBUF_inst/O
                         net (fo=1, routed)           0.631     0.888    clk_IBUF
    BUFGCTRL_X0Y16       BUFG (Prop_bufg_I_O)         0.026     0.914 r  clk_IBUF_BUFG_inst/O
                         net (fo=86, routed)          0.577     1.490    clk_IBUF_BUFG
    SLICE_X6Y76          FDRE                                         r  pos_counter_reg[0]/C
  -------------------------------------------------------------------    -------------------
    SLICE_X6Y76          FDRE (Prop_fdre_C_Q)         0.164     1.654 r  pos_counter_reg[0]/Q
                         net (fo=12, routed)          0.110     1.764    pos_counter_reg__0[0]
    SLICE_X7Y76          LUT6 (Prop_lut6_I1_O)        0.045     1.809 r  led_progress[0]_i_1/O
                         net (fo=1, routed)           0.000     1.809    led_progress[0]_i_1_n_0
    SLICE_X7Y76          FDRE                                         r  led_progress_reg[0]/D
  -------------------------------------------------------------------    -------------------

                         (clock sys_clk_pin rise edge)
                                                      0.000     0.000 r  
    E3                                                0.000     0.000 r  clk (IN)
                         net (fo=0)                   0.000     0.000    clk
    E3                   IBUF (Prop_ibuf_I_O)         0.445     0.445 r  clk_IBUF_inst/O
                         net (fo=1, routed)           0.685     1.129    clk_IBUF
    BUFGCTRL_X0Y16       BUFG (Prop_bufg_I_O)         0.029     1.158 r  clk_IBUF_BUFG_inst/O
                         net (fo=86, routed)          0.845     2.003    clk_IBUF_BUFG
    SLICE_X7Y76          FDRE                                         r  led_progress_reg[0]/C
                         clock pessimism             -0.499     1.503    
    SLICE_X7Y76          FDRE (Hold_fdre_C_D)         0.091     1.594    led_progress_reg[0]
  -------------------------------------------------------------------
                         required time                         -1.594    
                         arrival time                           1.809    
  -------------------------------------------------------------------
                         slack                                  0.215    

Slack (MET) :             0.223ns  (arrival time - required time)
  Source:                 encoder_inst/auto_pulse_count_reg[6]/C
                            (rising edge-triggered cell FDRE clocked by sys_clk_pin  {rise@0.000ns fall@5.000ns period=10.000ns})
  Destination:            encoder_inst/auto_scanning_reg/D
                            (rising edge-triggered cell FDRE clocked by sys_clk_pin  {rise@0.000ns fall@5.000ns period=10.000ns})
  Path Group:             sys_clk_pin
  Path Type:              Hold (Min at Fast Process Corner)
  Requirement:            0.000ns  (sys_clk_pin rise@0.000ns - sys_clk_pin rise@0.000ns)
  Data Path Delay:        0.356ns  (logic 0.186ns (52.308%)  route 0.170ns (47.692%))
  Logic Levels:           1  (LUT5=1)
  Clock Path Skew:        0.013ns (DCD - SCD - CPR)
    Destination Clock Delay (DCD):    2.010ns
    Source Clock Delay      (SCD):    1.496ns
    Clock Pessimism Removal (CPR):    0.500ns

    Location             Delay type                Incr(ns)  Path(ns)    Netlist Resource(s)
  -------------------------------------------------------------------    -------------------
                         (clock sys_clk_pin rise edge)
                                                      0.000     0.000 r  
    E3                                                0.000     0.000 r  clk (IN)
                         net (fo=0)                   0.000     0.000    clk
    E3                   IBUF (Prop_ibuf_I_O)         0.257     0.257 r  clk_IBUF_inst/O
                         net (fo=1, routed)           0.631     0.888    clk_IBUF
    BUFGCTRL_X0Y16       BUFG (Prop_bufg_I_O)         0.026     0.914 r  clk_IBUF_BUFG_inst/O
                         net (fo=86, routed)          0.583     1.496    encoder_inst/CLK
    SLICE_X3Y80          FDRE                                         r  encoder_inst/auto_pulse_count_reg[6]/C
  -------------------------------------------------------------------    -------------------
    SLICE_X3Y80          FDRE (Prop_fdre_C_Q)         0.141     1.637 f  encoder_inst/auto_pulse_count_reg[6]/Q
                         net (fo=3, routed)           0.170     1.807    encoder_inst/auto_pulse_count_reg__0[6]
    SLICE_X2Y80          LUT5 (Prop_lut5_I1_O)        0.045     1.852 r  encoder_inst/auto_scanning_i_1/O
                         net (fo=1, routed)           0.000     1.852    encoder_inst/auto_scanning_i_1_n_0
    SLICE_X2Y80          FDRE                                         r  encoder_inst/auto_scanning_reg/D
  -------------------------------------------------------------------    -------------------

                         (clock sys_clk_pin rise edge)
                                                      0.000     0.000 r  
    E3                                                0.000     0.000 r  clk (IN)
                         net (fo=0)                   0.000     0.000    clk
    E3                   IBUF (Prop_ibuf_I_O)         0.445     0.445 r  clk_IBUF_inst/O
                         net (fo=1, routed)           0.685     1.129    clk_IBUF
    BUFGCTRL_X0Y16       BUFG (Prop_bufg_I_O)         0.029     1.158 r  clk_IBUF_BUFG_inst/O
                         net (fo=86, routed)          0.851     2.010    encoder_inst/CLK
    SLICE_X2Y80          FDRE                                         r  encoder_inst/auto_scanning_reg/C
                         clock pessimism             -0.500     1.509    
    SLICE_X2Y80          FDRE (Hold_fdre_C_D)         0.120     1.629    encoder_inst/auto_scanning_reg
  -------------------------------------------------------------------
                         required time                         -1.629    
                         arrival time                           1.852    
  -------------------------------------------------------------------
                         slack                                  0.223    

Slack (MET) :             0.227ns  (arrival time - required time)
  Source:                 encoder_inst/auto_pulse_count_reg[5]/C
                            (rising edge-triggered cell FDRE clocked by sys_clk_pin  {rise@0.000ns fall@5.000ns period=10.000ns})
  Destination:            encoder_inst/auto_pulse_count_reg[5]/D
                            (rising edge-triggered cell FDRE clocked by sys_clk_pin  {rise@0.000ns fall@5.000ns period=10.000ns})
  Path Group:             sys_clk_pin
  Path Type:              Hold (Min at Fast Process Corner)
  Requirement:            0.000ns  (sys_clk_pin rise@0.000ns - sys_clk_pin rise@0.000ns)
  Data Path Delay:        0.319ns  (logic 0.186ns (58.245%)  route 0.133ns (41.755%))
  Logic Levels:           1  (LUT6=1)
  Clock Path Skew:        0.000ns (DCD - SCD - CPR)
    Destination Clock Delay (DCD):    2.010ns
    Source Clock Delay      (SCD):    1.496ns
    Clock Pessimism Removal (CPR):    0.513ns

    Location             Delay type                Incr(ns)  Path(ns)    Netlist Resource(s)
  -------------------------------------------------------------------    -------------------
                         (clock sys_clk_pin rise edge)
                                                      0.000     0.000 r  
    E3                                                0.000     0.000 r  clk (IN)
                         net (fo=0)                   0.000     0.000    clk
    E3                   IBUF (Prop_ibuf_I_O)         0.257     0.257 r  clk_IBUF_inst/O
                         net (fo=1, routed)           0.631     0.888    clk_IBUF
    BUFGCTRL_X0Y16       BUFG (Prop_bufg_I_O)         0.026     0.914 r  clk_IBUF_BUFG_inst/O
                         net (fo=86, routed)          0.583     1.496    encoder_inst/CLK
    SLICE_X1Y80          FDRE                                         r  encoder_inst/auto_pulse_count_reg[5]/C
  -------------------------------------------------------------------    -------------------
    SLICE_X1Y80          FDRE (Prop_fdre_C_Q)         0.141     1.637 r  encoder_inst/auto_pulse_count_reg[5]/Q
                         net (fo=3, routed)           0.133     1.771    encoder_inst/auto_pulse_count_reg__0[5]
    SLICE_X1Y80          LUT6 (Prop_lut6_I0_O)        0.045     1.816 r  encoder_inst/auto_pulse_count[5]_i_1/O
                         net (fo=1, routed)           0.000     1.816    encoder_inst/p_0_in[5]
    SLICE_X1Y80          FDRE                                         r  encoder_inst/auto_pulse_count_reg[5]/D
  -------------------------------------------------------------------    -------------------

                         (clock sys_clk_pin rise edge)
                                                      0.000     0.000 r  
    E3                                                0.000     0.000 r  clk (IN)
                         net (fo=0)                   0.000     0.000    clk
    E3                   IBUF (Prop_ibuf_I_O)         0.445     0.445 r  clk_IBUF_inst/O
                         net (fo=1, routed)           0.685     1.129    clk_IBUF
    BUFGCTRL_X0Y16       BUFG (Prop_bufg_I_O)         0.029     1.158 r  clk_IBUF_BUFG_inst/O
                         net (fo=86, routed)          0.851     2.010    encoder_inst/CLK
    SLICE_X1Y80          FDRE                                         r  encoder_inst/auto_pulse_count_reg[5]/C
                         clock pessimism             -0.513     1.496    
    SLICE_X1Y80          FDRE (Hold_fdre_C_D)         0.092     1.588    encoder_inst/auto_pulse_count_reg[5]
  -------------------------------------------------------------------
                         required time                         -1.588    
                         arrival time                           1.816    
  -------------------------------------------------------------------
                         slack                                  0.227    

Slack (MET) :             0.244ns  (arrival time - required time)
  Source:                 encoder_inst/btn_state_reg/C
                            (rising edge-triggered cell FDRE clocked by sys_clk_pin  {rise@0.000ns fall@5.000ns period=10.000ns})
  Destination:            encoder_inst/valid_out_reg/D
                            (rising edge-triggered cell FDRE clocked by sys_clk_pin  {rise@0.000ns fall@5.000ns period=10.000ns})
  Path Group:             sys_clk_pin
  Path Type:              Hold (Min at Fast Process Corner)
  Requirement:            0.000ns  (sys_clk_pin rise@0.000ns - sys_clk_pin rise@0.000ns)
  Data Path Delay:        0.351ns  (logic 0.183ns (52.101%)  route 0.168ns (47.899%))
  Logic Levels:           1  (LUT5=1)
  Clock Path Skew:        0.000ns (DCD - SCD - CPR)
    Destination Clock Delay (DCD):    2.005ns
    Source Clock Delay      (SCD):    1.492ns
    Clock Pessimism Removal (CPR):    0.512ns

    Location             Delay type                Incr(ns)  Path(ns)    Netlist Resource(s)
  -------------------------------------------------------------------    -------------------
                         (clock sys_clk_pin rise edge)
                                                      0.000     0.000 r  
    E3                                                0.000     0.000 r  clk (IN)
                         net (fo=0)                   0.000     0.000    clk
    E3                   IBUF (Prop_ibuf_I_O)         0.257     0.257 r  clk_IBUF_inst/O
                         net (fo=1, routed)           0.631     0.888    clk_IBUF
    BUFGCTRL_X0Y16       BUFG (Prop_bufg_I_O)         0.026     0.914 r  clk_IBUF_BUFG_inst/O
                         net (fo=86, routed)          0.579     1.492    encoder_inst/CLK
    SLICE_X3Y76          FDRE                                         r  encoder_inst/btn_state_reg/C
  -------------------------------------------------------------------    -------------------
    SLICE_X3Y76          FDRE (Prop_fdre_C_Q)         0.141     1.633 f  encoder_inst/btn_state_reg/Q
                         net (fo=3, routed)           0.168     1.802    encoder_inst/btn_state
    SLICE_X3Y76          LUT5 (Prop_lut5_I4_O)        0.042     1.844 r  encoder_inst/valid_out_i_1/O
                         net (fo=1, routed)           0.000     1.844    encoder_inst/valid_out_i_1_n_0
    SLICE_X3Y76          FDRE                                         r  encoder_inst/valid_out_reg/D
  -------------------------------------------------------------------    -------------------

                         (clock sys_clk_pin rise edge)
                                                      0.000     0.000 r  
    E3                                                0.000     0.000 r  clk (IN)
                         net (fo=0)                   0.000     0.000    clk
    E3                   IBUF (Prop_ibuf_I_O)         0.445     0.445 r  clk_IBUF_inst/O
                         net (fo=1, routed)           0.685     1.129    clk_IBUF
    BUFGCTRL_X0Y16       BUFG (Prop_bufg_I_O)         0.029     1.158 r  clk_IBUF_BUFG_inst/O
                         net (fo=86, routed)          0.846     2.005    encoder_inst/CLK
    SLICE_X3Y76          FDRE                                         r  encoder_inst/valid_out_reg/C
                         clock pessimism             -0.512     1.492    
    SLICE_X3Y76          FDRE (Hold_fdre_C_D)         0.107     1.599    encoder_inst/valid_out_reg
  -------------------------------------------------------------------
                         required time                         -1.599    
                         arrival time                           1.844    
  -------------------------------------------------------------------
                         slack                                  0.244    

Slack (MET) :             0.254ns  (arrival time - required time)
  Source:                 encoder_inst/debounce_count_reg[2]/C
                            (rising edge-triggered cell FDRE clocked by sys_clk_pin  {rise@0.000ns fall@5.000ns period=10.000ns})
  Destination:            encoder_inst/debounce_count_reg[2]/D
                            (rising edge-triggered cell FDRE clocked by sys_clk_pin  {rise@0.000ns fall@5.000ns period=10.000ns})
  Path Group:             sys_clk_pin
  Path Type:              Hold (Min at Fast Process Corner)
  Requirement:            0.000ns  (sys_clk_pin rise@0.000ns - sys_clk_pin rise@0.000ns)
  Data Path Delay:        0.388ns  (logic 0.274ns (70.550%)  route 0.114ns (29.450%))
  Logic Levels:           1  (CARRY4=1)
  Clock Path Skew:        0.000ns (DCD - SCD - CPR)
    Destination Clock Delay (DCD):    2.005ns
    Source Clock Delay      (SCD):    1.492ns
    Clock Pessimism Removal (CPR):    0.512ns

    Location             Delay type                Incr(ns)  Path(ns)    Netlist Resource(s)
  -------------------------------------------------------------------    -------------------
                         (clock sys_clk_pin rise edge)
                                                      0.000     0.000 r  
    E3                                                0.000     0.000 r  clk (IN)
                         net (fo=0)                   0.000     0.000    clk
    E3                   IBUF (Prop_ibuf_I_O)         0.257     0.257 r  clk_IBUF_inst/O
                         net (fo=1, routed)           0.631     0.888    clk_IBUF
    BUFGCTRL_X0Y16       BUFG (Prop_bufg_I_O)         0.026     0.914 r  clk_IBUF_BUFG_inst/O
                         net (fo=86, routed)          0.579     1.492    encoder_inst/CLK
    SLICE_X2Y73          FDRE                                         r  encoder_inst/debounce_count_reg[2]/C
  -------------------------------------------------------------------    -------------------
    SLICE_X2Y73          FDRE (Prop_fdre_C_Q)         0.164     1.656 r  encoder_inst/debounce_count_reg[2]/Q
                         net (fo=1, routed)           0.114     1.771    encoder_inst/debounce_count_reg_n_0_[2]
    SLICE_X2Y73          CARRY4 (Prop_carry4_S[2]_O[2])
                                                      0.110     1.881 r  encoder_inst/debounce_count_reg[0]_i_3/O[2]
                         net (fo=1, routed)           0.000     1.881    encoder_inst/debounce_count_reg[0]_i_3_n_5
    SLICE_X2Y73          FDRE                                         r  encoder_inst/debounce_count_reg[2]/D
  -------------------------------------------------------------------    -------------------

                         (clock sys_clk_pin rise edge)
                                                      0.000     0.000 r  
    E3                                                0.000     0.000 r  clk (IN)
                         net (fo=0)                   0.000     0.000    clk
    E3                   IBUF (Prop_ibuf_I_O)         0.445     0.445 r  clk_IBUF_inst/O
                         net (fo=1, routed)           0.685     1.129    clk_IBUF
    BUFGCTRL_X0Y16       BUFG (Prop_bufg_I_O)         0.029     1.158 r  clk_IBUF_BUFG_inst/O
                         net (fo=86, routed)          0.846     2.005    encoder_inst/CLK
    SLICE_X2Y73          FDRE                                         r  encoder_inst/debounce_count_reg[2]/C
                         clock pessimism             -0.512     1.492    
    SLICE_X2Y73          FDRE (Hold_fdre_C_D)         0.134     1.626    encoder_inst/debounce_count_reg[2]
  -------------------------------------------------------------------
                         required time                         -1.626    
                         arrival time                           1.881    
  -------------------------------------------------------------------
                         slack                                  0.254    

Slack (MET) :             0.255ns  (arrival time - required time)
  Source:                 pos_counter_reg[3]/C
                            (rising edge-triggered cell FDRE clocked by sys_clk_pin  {rise@0.000ns fall@5.000ns period=10.000ns})
  Destination:            pos_counter_reg[5]/D
                            (rising edge-triggered cell FDRE clocked by sys_clk_pin  {rise@0.000ns fall@5.000ns period=10.000ns})
  Path Group:             sys_clk_pin
  Path Type:              Hold (Min at Fast Process Corner)
  Requirement:            0.000ns  (sys_clk_pin rise@0.000ns - sys_clk_pin rise@0.000ns)
  Data Path Delay:        0.388ns  (logic 0.209ns (53.932%)  route 0.179ns (46.068%))
  Logic Levels:           1  (LUT6=1)
  Clock Path Skew:        0.012ns (DCD - SCD - CPR)
    Destination Clock Delay (DCD):    2.002ns
    Source Clock Delay      (SCD):    1.490ns
    Clock Pessimism Removal (CPR):    0.499ns

    Location             Delay type                Incr(ns)  Path(ns)    Netlist Resource(s)
  -------------------------------------------------------------------    -------------------
                         (clock sys_clk_pin rise edge)
                                                      0.000     0.000 r  
    E3                                                0.000     0.000 r  clk (IN)
                         net (fo=0)                   0.000     0.000    clk
    E3                   IBUF (Prop_ibuf_I_O)         0.257     0.257 r  clk_IBUF_inst/O
                         net (fo=1, routed)           0.631     0.888    clk_IBUF
    BUFGCTRL_X0Y16       BUFG (Prop_bufg_I_O)         0.026     0.914 r  clk_IBUF_BUFG_inst/O
                         net (fo=86, routed)          0.577     1.490    clk_IBUF_BUFG
    SLICE_X6Y76          FDRE                                         r  pos_counter_reg[3]/C
  -------------------------------------------------------------------    -------------------
    SLICE_X6Y76          FDRE (Prop_fdre_C_Q)         0.164     1.654 r  pos_counter_reg[3]/Q
                         net (fo=12, routed)          0.179     1.833    pos_counter_reg__0[3]
    SLICE_X6Y75          LUT6 (Prop_lut6_I5_O)        0.045     1.878 r  pos_counter[5]_i_1/O
                         net (fo=1, routed)           0.000     1.878    p_0_in__0[5]
    SLICE_X6Y75          FDRE                                         r  pos_counter_reg[5]/D
  -------------------------------------------------------------------    -------------------

                         (clock sys_clk_pin rise edge)
                                                      0.000     0.000 r  
    E3                                                0.000     0.000 r  clk (IN)
                         net (fo=0)                   0.000     0.000    clk
    E3                   IBUF (Prop_ibuf_I_O)         0.445     0.445 r  clk_IBUF_inst/O
                         net (fo=1, routed)           0.685     1.129    clk_IBUF
    BUFGCTRL_X0Y16       BUFG (Prop_bufg_I_O)         0.029     1.158 r  clk_IBUF_BUFG_inst/O
                         net (fo=86, routed)          0.844     2.002    clk_IBUF_BUFG
    SLICE_X6Y75          FDRE                                         r  pos_counter_reg[5]/C
                         clock pessimism             -0.499     1.502    
    SLICE_X6Y75          FDRE (Hold_fdre_C_D)         0.121     1.623    pos_counter_reg[5]
  -------------------------------------------------------------------
                         required time                         -1.623    
                         arrival time                           1.878    
  -------------------------------------------------------------------
                         slack                                  0.255    

Slack (MET) :             0.255ns  (arrival time - required time)
  Source:                 encoder_inst/auto_pulse_count_reg[1]/C
                            (rising edge-triggered cell FDRE clocked by sys_clk_pin  {rise@0.000ns fall@5.000ns period=10.000ns})
  Destination:            encoder_inst/auto_pulse_count_reg[2]/D
                            (rising edge-triggered cell FDRE clocked by sys_clk_pin  {rise@0.000ns fall@5.000ns period=10.000ns})
  Path Group:             sys_clk_pin
  Path Type:              Hold (Min at Fast Process Corner)
  Requirement:            0.000ns  (sys_clk_pin rise@0.000ns - sys_clk_pin rise@0.000ns)
  Data Path Delay:        0.362ns  (logic 0.183ns (50.505%)  route 0.179ns (49.495%))
  Logic Levels:           1  (LUT3=1)
  Clock Path Skew:        0.000ns (DCD - SCD - CPR)
    Destination Clock Delay (DCD):    2.010ns
    Source Clock Delay      (SCD):    1.496ns
    Clock Pessimism Removal (CPR):    0.513ns

    Location             Delay type                Incr(ns)  Path(ns)    Netlist Resource(s)
  -------------------------------------------------------------------    -------------------
                         (clock sys_clk_pin rise edge)
                                                      0.000     0.000 r  
    E3                                                0.000     0.000 r  clk (IN)
                         net (fo=0)                   0.000     0.000    clk
    E3                   IBUF (Prop_ibuf_I_O)         0.257     0.257 r  clk_IBUF_inst/O
                         net (fo=1, routed)           0.631     0.888    clk_IBUF
    BUFGCTRL_X0Y16       BUFG (Prop_bufg_I_O)         0.026     0.914 r  clk_IBUF_BUFG_inst/O
                         net (fo=86, routed)          0.583     1.496    encoder_inst/CLK
    SLICE_X3Y80          FDRE                                         r  encoder_inst/auto_pulse_count_reg[1]/C
  -------------------------------------------------------------------    -------------------
    SLICE_X3Y80          FDRE (Prop_fdre_C_Q)         0.141     1.637 r  encoder_inst/auto_pulse_count_reg[1]/Q
                         net (fo=7, routed)           0.179     1.817    encoder_inst/auto_pulse_count_reg__0[1]
    SLICE_X3Y80          LUT3 (Prop_lut3_I1_O)        0.042     1.859 r  encoder_inst/auto_pulse_count[2]_i_1/O
                         net (fo=1, routed)           0.000     1.859    encoder_inst/p_0_in[2]
    SLICE_X3Y80          FDRE                                         r  encoder_inst/auto_pulse_count_reg[2]/D
  -------------------------------------------------------------------    -------------------

                         (clock sys_clk_pin rise edge)
                                                      0.000     0.000 r  
    E3                                                0.000     0.000 r  clk (IN)
                         net (fo=0)                   0.000     0.000    clk
    E3                   IBUF (Prop_ibuf_I_O)         0.445     0.445 r  clk_IBUF_inst/O
                         net (fo=1, routed)           0.685     1.129    clk_IBUF
    BUFGCTRL_X0Y16       BUFG (Prop_bufg_I_O)         0.029     1.158 r  clk_IBUF_BUFG_inst/O
                         net (fo=86, routed)          0.851     2.010    encoder_inst/CLK
    SLICE_X3Y80          FDRE                                         r  encoder_inst/auto_pulse_count_reg[2]/C
                         clock pessimism             -0.513     1.496    
    SLICE_X3Y80          FDRE (Hold_fdre_C_D)         0.107     1.603    encoder_inst/auto_pulse_count_reg[2]
  -------------------------------------------------------------------
                         required time                         -1.603    
                         arrival time                           1.859    
  -------------------------------------------------------------------
                         slack                                  0.255    

Slack (MET) :             0.263ns  (arrival time - required time)
  Source:                 pos_counter_reg[1]/C
                            (rising edge-triggered cell FDRE clocked by sys_clk_pin  {rise@0.000ns fall@5.000ns period=10.000ns})
  Destination:            pos_counter_reg[2]/D
                            (rising edge-triggered cell FDRE clocked by sys_clk_pin  {rise@0.000ns fall@5.000ns period=10.000ns})
  Path Group:             sys_clk_pin
  Path Type:              Hold (Min at Fast Process Corner)
  Requirement:            0.000ns  (sys_clk_pin rise@0.000ns - sys_clk_pin rise@0.000ns)
  Data Path Delay:        0.397ns  (logic 0.209ns (52.692%)  route 0.188ns (47.308%))
  Logic Levels:           1  (LUT3=1)
  Clock Path Skew:        0.014ns (DCD - SCD - CPR)
    Destination Clock Delay (DCD):    2.003ns
    Source Clock Delay      (SCD):    1.489ns
    Clock Pessimism Removal (CPR):    0.499ns

    Location             Delay type                Incr(ns)  Path(ns)    Netlist Resource(s)
  -------------------------------------------------------------------    -------------------
                         (clock sys_clk_pin rise edge)
                                                      0.000     0.000 r  
    E3                                                0.000     0.000 r  clk (IN)
                         net (fo=0)                   0.000     0.000    clk
    E3                   IBUF (Prop_ibuf_I_O)         0.257     0.257 r  clk_IBUF_inst/O
                         net (fo=1, routed)           0.631     0.888    clk_IBUF
    BUFGCTRL_X0Y16       BUFG (Prop_bufg_I_O)         0.026     0.914 r  clk_IBUF_BUFG_inst/O
                         net (fo=86, routed)          0.576     1.489    clk_IBUF_BUFG
    SLICE_X6Y75          FDRE                                         r  pos_counter_reg[1]/C
  -------------------------------------------------------------------    -------------------
    SLICE_X6Y75          FDRE (Prop_fdre_C_Q)         0.164     1.653 r  pos_counter_reg[1]/Q
                         net (fo=12, routed)          0.188     1.841    pos_counter_reg__0[1]
    SLICE_X6Y76          LUT3 (Prop_lut3_I2_O)        0.045     1.886 r  pos_counter[2]_i_1/O
                         net (fo=1, routed)           0.000     1.886    p_0_in__0[2]
    SLICE_X6Y76          FDRE                                         r  pos_counter_reg[2]/D
  -------------------------------------------------------------------    -------------------

                         (clock sys_clk_pin rise edge)
                                                      0.000     0.000 r  
    E3                                                0.000     0.000 r  clk (IN)
                         net (fo=0)                   0.000     0.000    clk
    E3                   IBUF (Prop_ibuf_I_O)         0.445     0.445 r  clk_IBUF_inst/O
                         net (fo=1, routed)           0.685     1.129    clk_IBUF
    BUFGCTRL_X0Y16       BUFG (Prop_bufg_I_O)         0.029     1.158 r  clk_IBUF_BUFG_inst/O
                         net (fo=86, routed)          0.845     2.003    clk_IBUF_BUFG
    SLICE_X6Y76          FDRE                                         r  pos_counter_reg[2]/C
                         clock pessimism             -0.499     1.503    
    SLICE_X6Y76          FDRE (Hold_fdre_C_D)         0.120     1.623    pos_counter_reg[2]
  -------------------------------------------------------------------
                         required time                         -1.623    
                         arrival time                           1.886    
  -------------------------------------------------------------------
                         slack                                  0.263    

Slack (MET) :             0.263ns  (arrival time - required time)
  Source:                 encoder_inst/btn_state_reg/C
                            (rising edge-triggered cell FDRE clocked by sys_clk_pin  {rise@0.000ns fall@5.000ns period=10.000ns})
  Destination:            encoder_inst/btn_state_reg/D
                            (rising edge-triggered cell FDRE clocked by sys_clk_pin  {rise@0.000ns fall@5.000ns period=10.000ns})
  Path Group:             sys_clk_pin
  Path Type:              Hold (Min at Fast Process Corner)
  Requirement:            0.000ns  (sys_clk_pin rise@0.000ns - sys_clk_pin rise@0.000ns)
  Data Path Delay:        0.354ns  (logic 0.186ns (52.507%)  route 0.168ns (47.493%))
  Logic Levels:           1  (LUT3=1)
  Clock Path Skew:        0.000ns (DCD - SCD - CPR)
    Destination Clock Delay (DCD):    2.005ns
    Source Clock Delay      (SCD):    1.492ns
    Clock Pessimism Removal (CPR):    0.512ns

    Location             Delay type                Incr(ns)  Path(ns)    Netlist Resource(s)
  -------------------------------------------------------------------    -------------------
                         (clock sys_clk_pin rise edge)
                                                      0.000     0.000 r  
    E3                                                0.000     0.000 r  clk (IN)
                         net (fo=0)                   0.000     0.000    clk
    E3                   IBUF (Prop_ibuf_I_O)         0.257     0.257 r  clk_IBUF_inst/O
                         net (fo=1, routed)           0.631     0.888    clk_IBUF
    BUFGCTRL_X0Y16       BUFG (Prop_bufg_I_O)         0.026     0.914 r  clk_IBUF_BUFG_inst/O
                         net (fo=86, routed)          0.579     1.492    encoder_inst/CLK
    SLICE_X3Y76          FDRE                                         r  encoder_inst/btn_state_reg/C
  -------------------------------------------------------------------    -------------------
    SLICE_X3Y76          FDRE (Prop_fdre_C_Q)         0.141     1.633 r  encoder_inst/btn_state_reg/Q
                         net (fo=3, routed)           0.168     1.802    encoder_inst/btn_state
    SLICE_X3Y76          LUT3 (Prop_lut3_I0_O)        0.045     1.847 r  encoder_inst/btn_state_i_1/O
                         net (fo=1, routed)           0.000     1.847    encoder_inst/btn_state_i_1_n_0
    SLICE_X3Y76          FDRE                                         r  encoder_inst/btn_state_reg/D
  -------------------------------------------------------------------    -------------------

                         (clock sys_clk_pin rise edge)
                                                      0.000     0.000 r  
    E3                                                0.000     0.000 r  clk (IN)
                         net (fo=0)                   0.000     0.000    clk
    E3                   IBUF (Prop_ibuf_I_O)         0.445     0.445 r  clk_IBUF_inst/O
                         net (fo=1, routed)           0.685     1.129    clk_IBUF
    BUFGCTRL_X0Y16       BUFG (Prop_bufg_I_O)         0.029     1.158 r  clk_IBUF_BUFG_inst/O
                         net (fo=86, routed)          0.846     2.005    encoder_inst/CLK
    SLICE_X3Y76          FDRE                                         r  encoder_inst/btn_state_reg/C
                         clock pessimism             -0.512     1.492    
    SLICE_X3Y76          FDRE (Hold_fdre_C_D)         0.091     1.583    encoder_inst/btn_state_reg
  -------------------------------------------------------------------
                         required time                         -1.583    
                         arrival time                           1.847    
  -------------------------------------------------------------------
                         slack                                  0.263    





Pulse Width Checks
--------------------------------------------------------------------------------------
Clock Name:         sys_clk_pin
Waveform(ns):       { 0.000 5.000 }
Period(ns):         10.000
Sources:            { clk }

Check Type        Corner  Lib Pin  Reference Pin  Required(ns)  Actual(ns)  Slack(ns)  Location        Pin
Min Period        n/a     BUFG/I   n/a            2.155         10.000      7.845      BUFGCTRL_X0Y16  clk_IBUF_BUFG_inst/I
Min Period        n/a     FDRE/C   n/a            1.000         10.000      9.000      SLICE_X3Y80     encoder_inst/auto_pulse_count_reg[0]/C
Min Period        n/a     FDRE/C   n/a            1.000         10.000      9.000      SLICE_X3Y80     encoder_inst/auto_pulse_count_reg[1]/C
Min Period        n/a     FDRE/C   n/a            1.000         10.000      9.000      SLICE_X3Y80     encoder_inst/auto_pulse_count_reg[2]/C
Min Period        n/a     FDRE/C   n/a            1.000         10.000      9.000      SLICE_X1Y80     encoder_inst/auto_pulse_count_reg[3]/C
Min Period        n/a     FDRE/C   n/a            1.000         10.000      9.000      SLICE_X1Y80     encoder_inst/auto_pulse_count_reg[4]/C
Min Period        n/a     FDRE/C   n/a            1.000         10.000      9.000      SLICE_X1Y80     encoder_inst/auto_pulse_count_reg[5]/C
Min Period        n/a     FDRE/C   n/a            1.000         10.000      9.000      SLICE_X3Y80     encoder_inst/auto_pulse_count_reg[6]/C
Min Period        n/a     FDRE/C   n/a            1.000         10.000      9.000      SLICE_X2Y80     encoder_inst/auto_scanning_reg/C
Min Period        n/a     FDRE/C   n/a            1.000         10.000      9.000      SLICE_X0Y74     encoder_inst/auto_timer_reg[0]/C
Low Pulse Width   Fast    FDRE/C   n/a            0.500         5.000       4.500      SLICE_X3Y80     encoder_inst/auto_pulse_count_reg[0]/C
Low Pulse Width   Fast    FDRE/C   n/a            0.500         5.000       4.500      SLICE_X3Y80     encoder_inst/auto_pulse_count_reg[1]/C
Low Pulse Width   Fast    FDRE/C   n/a            0.500         5.000       4.500      SLICE_X3Y80     encoder_inst/auto_pulse_count_reg[2]/C
Low Pulse Width   Fast    FDRE/C   n/a            0.500         5.000       4.500      SLICE_X1Y80     encoder_inst/auto_pulse_count_reg[3]/C
Low Pulse Width   Fast    FDRE/C   n/a            0.500         5.000       4.500      SLICE_X1Y80     encoder_inst/auto_pulse_count_reg[4]/C
Low Pulse Width   Fast    FDRE/C   n/a            0.500         5.000       4.500      SLICE_X1Y80     encoder_inst/auto_pulse_count_reg[5]/C
Low Pulse Width   Fast    FDRE/C   n/a            0.500         5.000       4.500      SLICE_X3Y80     encoder_inst/auto_pulse_count_reg[6]/C
Low Pulse Width   Fast    FDRE/C   n/a            0.500         5.000       4.500      SLICE_X2Y80     encoder_inst/auto_scanning_reg/C
Low Pulse Width   Fast    FDRE/C   n/a            0.500         5.000       4.500      SLICE_X0Y76     encoder_inst/auto_timer_reg[10]/C
Low Pulse Width   Fast    FDRE/C   n/a            0.500         5.000       4.500      SLICE_X0Y76     encoder_inst/auto_timer_reg[11]/C
High Pulse Width  Slow    FDRE/C   n/a            0.500         5.000       4.500      SLICE_X0Y76     encoder_inst/auto_timer_reg[10]/C
High Pulse Width  Slow    FDRE/C   n/a            0.500         5.000       4.500      SLICE_X0Y76     encoder_inst/auto_timer_reg[11]/C
High Pulse Width  Slow    FDRE/C   n/a            0.500         5.000       4.500      SLICE_X0Y77     encoder_inst/auto_timer_reg[12]/C
High Pulse Width  Slow    FDRE/C   n/a            0.500         5.000       4.500      SLICE_X0Y77     encoder_inst/auto_timer_reg[13]/C
High Pulse Width  Slow    FDRE/C   n/a            0.500         5.000       4.500      SLICE_X0Y77     encoder_inst/auto_timer_reg[14]/C
High Pulse Width  Slow    FDRE/C   n/a            0.500         5.000       4.500      SLICE_X0Y77     encoder_inst/auto_timer_reg[15]/C
High Pulse Width  Slow    FDRE/C   n/a            0.500         5.000       4.500      SLICE_X0Y76     encoder_inst/auto_timer_reg[8]/C
High Pulse Width  Slow    FDRE/C   n/a            0.500         5.000       4.500      SLICE_X0Y76     encoder_inst/auto_timer_reg[9]/C
High Pulse Width  Slow    FDRE/C   n/a            0.500         5.000       4.500      SLICE_X3Y76     encoder_inst/btn_state_reg/C
High Pulse Width  Slow    FDRE/C   n/a            0.500         5.000       4.500      SLICE_X0Y84     encoder_inst/btn_sync_0_reg/C



